13:11:51 Host identity created.
13:50:01 Host identity created.
13:51:47 Mikesla uses modified data file
13:51:47 Player Mikesla connecting.
13:51:47 Mission Dead Nation read from bank.
13:51:48 Player Mikesla connected (id=76561197960966886).
13:51:55 Roles assigned.
13:51:55 Reading mission ...
13:53:19 Cannot open object dz\structures\pond\pond_small_12.p3d
15:31:56 Host identity created.
15:32:34 Mikesla uses modified data file
15:32:34 Player Mikesla connecting.
15:32:35 Player Mikesla connected (id=76561197960966886).
15:33:13 Player Mikesla disconnected.
16:29:08 Host identity created.
17:55:52 Host identity created.
17:56:04 Mikesla uses modified data file
17:56:04 Player Mikesla connecting.
17:56:04 Mission Dead Nation read from bank.
17:56:05 Player Mikesla connected (id=76561197960966886).
17:56:12 Roles assigned.
17:56:12 Reading mission ...
17:56:53 Mission read.
17:56:59 Game started.
18:02:47 Player Mikesla disconnected.
